{"0":{"_index":"searches","_type":"search","_id":"101","_score":2.2699597,"_source":{"name":"Babe Ruth","quote":"bla-bla-bla"}},"level":"info","message":"result","timestamp":"2021-08-07T18:52:18.680Z"}
{"_index":"searches","_type":"search","_id":"100","_version":33,"result":"updated","_shards":{"total":2,"successful":1,"failed":0},"_seq_no":203,"_primary_term":1,"level":"info","message":"new item created successful","timestamp":"2021-08-07T18:52:18.684Z"}
{"_index":"searches","_type":"search","_id":"102","_version":33,"result":"updated","_shards":{"total":2,"successful":1,"failed":0},"_seq_no":204,"_primary_term":1,"level":"info","message":"new item created successful","timestamp":"2021-08-07T18:52:18.685Z"}
{"_index":"searches","_type":"search","_id":"103","_version":33,"result":"updated","_shards":{"total":2,"successful":1,"failed":0},"_seq_no":205,"_primary_term":1,"level":"info","message":"new item created successful","timestamp":"2021-08-07T18:52:18.685Z"}
{"_index":"searches","_type":"search","_id":"101","_version":54,"result":"updated","_shards":{"total":2,"successful":1,"failed":0},"_seq_no":206,"_primary_term":1,"level":"info","message":"new item created successful","timestamp":"2021-08-07T18:52:18.686Z"}
{"_index":"searches","_type":"search","_id":"104","_version":1,"result":"created","_shards":{"total":2,"successful":1,"failed":0},"_seq_no":207,"_primary_term":1,"level":"info","message":"new item created successful","timestamp":"2021-08-07T18:52:18.686Z"}
{"_index":"searches","_type":"_doc","_id":"101","_version":55,"result":"updated","_shards":{"total":2,"successful":1,"failed":0},"_seq_no":208,"_primary_term":1,"level":"info","message":"item updated successful","timestamp":"2021-08-07T18:52:18.688Z"}
{"_index":"searches","_type":"_doc","_id":"104","_version":2,"result":"deleted","_shards":{"total":2,"successful":1,"failed":0},"_seq_no":209,"_primary_term":1,"level":"info","message":"item deleted successful","timestamp":"2021-08-07T18:52:18.694Z"}
{"_index":"searches","_type":"search","_id":"101","_version":1,"result":"created","_shards":{"total":2,"successful":1,"failed":0},"_seq_no":4,"_primary_term":1,"level":"info","message":"new item created successful","timestamp":"2021-08-08T08:08:44.361Z"}
{"_index":"searches","_type":"search","_id":"102","_version":1,"result":"created","_shards":{"total":2,"successful":1,"failed":0},"_seq_no":3,"_primary_term":1,"level":"info","message":"new item created successful","timestamp":"2021-08-08T08:08:44.364Z"}
{"_index":"searches","_type":"search","_id":"103","_version":1,"result":"created","_shards":{"total":2,"successful":1,"failed":0},"_seq_no":0,"_primary_term":1,"level":"info","message":"new item created successful","timestamp":"2021-08-08T08:08:44.364Z"}
{"_index":"searches","_type":"search","_id":"104","_version":1,"result":"created","_shards":{"total":2,"successful":1,"failed":0},"_seq_no":2,"_primary_term":1,"level":"info","message":"new item created successful","timestamp":"2021-08-08T08:08:44.364Z"}
{"_index":"searches","_type":"search","_id":"100","_version":1,"result":"created","_shards":{"total":2,"successful":1,"failed":0},"_seq_no":1,"_primary_term":1,"level":"info","message":"new item created successful","timestamp":"2021-08-08T08:08:44.365Z"}
{"_index":"searches","_type":"search","_id":"100","_version":2,"result":"updated","_shards":{"total":2,"successful":1,"failed":0},"_seq_no":5,"_primary_term":1,"level":"info","message":"new item created successful","timestamp":"2021-08-08T08:10:39.854Z"}
{"0":{"_index":"searches","_type":"search","_id":"101","_score":2.7725885,"_source":{"name":"Babe Ruth","quote":"Never let the fear of striking out keep you from playing the game"}},"level":"info","message":"result","timestamp":"2021-08-08T08:10:39.856Z"}
{"_index":"searches","_type":"search","_id":"101","_version":2,"result":"updated","_shards":{"total":2,"successful":1,"failed":0},"_seq_no":7,"_primary_term":1,"level":"info","message":"new item created successful","timestamp":"2021-08-08T08:10:39.857Z"}
{"_index":"searches","_type":"search","_id":"102","_version":2,"result":"updated","_shards":{"total":2,"successful":1,"failed":0},"_seq_no":8,"_primary_term":1,"level":"info","message":"new item created successful","timestamp":"2021-08-08T08:10:39.858Z"}
{"_index":"searches","_type":"search","_id":"104","_version":2,"result":"updated","_shards":{"total":2,"successful":1,"failed":0},"_seq_no":6,"_primary_term":1,"level":"info","message":"new item created successful","timestamp":"2021-08-08T08:10:39.858Z"}
{"_index":"searches","_type":"search","_id":"103","_version":2,"result":"updated","_shards":{"total":2,"successful":1,"failed":0},"_seq_no":9,"_primary_term":1,"level":"info","message":"new item created successful","timestamp":"2021-08-08T08:10:39.859Z"}
{"_index":"searches","_type":"_doc","_id":"101","_version":3,"result":"updated","_shards":{"total":2,"successful":1,"failed":0},"_seq_no":10,"_primary_term":1,"level":"info","message":"item updated successful","timestamp":"2021-08-08T08:10:40.243Z"}
{"_index":"searches","_type":"_doc","_id":"104","_version":3,"result":"deleted","_shards":{"total":2,"successful":1,"failed":0},"_seq_no":11,"_primary_term":1,"level":"info","message":"item deleted successful","timestamp":"2021-08-08T08:10:40.247Z"}
{"0":{"_index":"searches","_type":"search","_id":"101","_score":2.2902646,"_source":{"name":"Babe Ruth","quote":"bla-bla-bla"}},"level":"info","message":"result","timestamp":"2021-08-08T10:14:29.889Z"}
{"_index":"searches","_type":"search","_id":"100","_version":3,"result":"updated","_shards":{"total":2,"successful":1,"failed":0},"_seq_no":12,"_primary_term":1,"level":"info","message":"new item created successful","timestamp":"2021-08-08T10:14:29.893Z"}
{"_index":"searches","_type":"search","_id":"102","_version":3,"result":"updated","_shards":{"total":2,"successful":1,"failed":0},"_seq_no":13,"_primary_term":1,"level":"info","message":"new item created successful","timestamp":"2021-08-08T10:14:29.894Z"}
{"_index":"searches","_type":"search","_id":"101","_version":4,"result":"updated","_shards":{"total":2,"successful":1,"failed":0},"_seq_no":14,"_primary_term":1,"level":"info","message":"new item created successful","timestamp":"2021-08-08T10:14:29.895Z"}
{"_index":"searches","_type":"search","_id":"103","_version":3,"result":"updated","_shards":{"total":2,"successful":1,"failed":0},"_seq_no":16,"_primary_term":1,"level":"info","message":"new item created successful","timestamp":"2021-08-08T10:14:29.895Z"}
{"_index":"searches","_type":"search","_id":"104","_version":1,"result":"created","_shards":{"total":2,"successful":1,"failed":0},"_seq_no":15,"_primary_term":1,"level":"info","message":"new item created successful","timestamp":"2021-08-08T10:14:29.896Z"}
{"_index":"searches","_type":"_doc","_id":"101","_version":5,"result":"updated","_shards":{"total":2,"successful":1,"failed":0},"_seq_no":17,"_primary_term":1,"level":"info","message":"item updated successful","timestamp":"2021-08-08T10:14:29.897Z"}
{"_index":"searches","_type":"_doc","_id":"104","_version":2,"result":"deleted","_shards":{"total":2,"successful":1,"failed":0},"_seq_no":18,"_primary_term":1,"level":"info","message":"item deleted successful","timestamp":"2021-08-08T10:14:29.901Z"}
